# JRE version: Java(TM) SE Runtime Environment (8.0_171-b11) (build 1.8.0_171-b11)
# Java VM: Java HotSpot(TM) 64-Bit Server VM (25.171-b11 mixed mode linux-amd64 compressed oops)
Heap:
 def new generation   total 4416K, used 0K [0x00000000f8200000, 0x00000000f86c0000, 0x00000000fac00000)
  eden space 3968K,   0% used [0x00000000f8200000, 0x00000000f8200000, 0x00000000f85e0000)
  from space 448K,   0% used [0x00000000f8650000, 0x00000000f8650000, 0x00000000f86c0000)
  to   space 448K,   0% used [0x00000000f85e0000, 0x00000000f85e0000, 0x00000000f8650000)
 tenured generation   total 11572K, used 11208K [0x00000000fac00000, 0x00000000fb74d000, 0x0000000100000000)
   the space 11572K,  96% used [0x00000000fac00000, 0x00000000fb6f2240, 0x00000000fb6f2400, 0x00000000fb74d000)
 Metaspace       used 27223K, capacity 27984K, committed 28160K, reserved 1073152K
  class space    used 3546K, capacity 3731K, committed 3840K, reserved 1048576K
GC Heap History (10 events):
Event: 7.797 GC heap after
Heap after GC invocations=59 (full 2):
 def new generation   total 4416K, used 448K [0x00000000f8200000, 0x00000000f86c0000, 0x00000000fac00000)
  eden space 3968K,   0% used [0x00000000f8200000, 0x00000000f8200000, 0x00000000f85e0000)
  from space 448K, 100% used [0x00000000f85e0000, 0x00000000f8650000, 0x00000000f8650000)
  to   space 448K,   0% used [0x00000000f8650000, 0x00000000f8650000, 0x00000000f86c0000)
 tenured generation   total 9652K, used 6131K [0x00000000fac00000, 0x00000000fb56d000, 0x0000000100000000)
   the space 9652K,  63% used [0x00000000fac00000, 0x00000000fb1fcef8, 0x00000000fb1fd000, 0x00000000fb56d000)
 Metaspace       used 24562K, capacity 25290K, committed 25472K, reserved 1071104K
  class space    used 3191K, capacity 3372K, committed 3456K, reserved 1048576K
}
Event: 7.994 GC heap before
{Heap before GC invocations=59 (full 2):
 def new generation   total 4416K, used 4416K [0x00000000f8200000, 0x00000000f86c0000, 0x00000000fac00000)
  eden space 3968K, 100% used [0x00000000f8200000, 0x00000000f85e0000, 0x00000000f85e0000)
  from space 448K, 100% used [0x00000000f85e0000, 0x00000000f8650000, 0x00000000f8650000)
  to   space 448K,   0% used [0x00000000f8650000, 0x00000000f8650000, 0x00000000f86c0000)
 tenured generation   total 9652K, used 6131K [0x00000000fac00000, 0x00000000fb56d000, 0x0000000100000000)
   the space 9652K,  63% used [0x00000000fac00000, 0x00000000fb1fcef8, 0x00000000fb1fd000, 0x00000000fb56d000)
 Metaspace       used 24979K, capacity 25724K, committed 25984K, reserved 1071104K
  class space    used 3233K, capacity 3417K, committed 3456K, reserved 1048576K
Event: 7.998 GC heap after
Heap after GC invocations=60 (full 2):
 def new generation   total 4416K, used 447K [0x00000000f8200000, 0x00000000f86c0000, 0x00000000fac00000)
  eden space 3968K,   0% used [0x00000000f8200000, 0x00000000f8200000, 0x00000000f85e0000)
  from space 448K,  99% used [0x00000000f8650000, 0x00000000f86bfff0, 0x00000000f86c0000)
  to   space 448K,   0% used [0x00000000f85e0000, 0x00000000f85e0000, 0x00000000f8650000)
 tenured generation   total 9652K, used 6579K [0x00000000fac00000, 0x00000000fb56d000, 0x0000000100000000)
   the space 9652K,  68% used [0x00000000fac00000, 0x00000000fb26cf40, 0x00000000fb26d000, 0x00000000fb56d000)
 Metaspace       used 24979K, capacity 25724K, committed 25984K, reserved 1071104K
  class space    used 3233K, capacity 3417K, committed 3456K, reserved 1048576K
}
Event: 8.191 GC heap before
{Heap before GC invocations=60 (full 2):
 def new generation   total 4416K, used 4415K [0x00000000f8200000, 0x00000000f86c0000, 0x00000000fac00000)
  eden space 3968K, 100% used [0x00000000f8200000, 0x00000000f85e0000, 0x00000000f85e0000)
  from space 448K,  99% used [0x00000000f8650000, 0x00000000f86bfff0, 0x00000000f86c0000)
  to   space 448K,   0% used [0x00000000f85e0000, 0x00000000f85e0000, 0x00000000f8650000)
 tenured generation   total 9652K, used 6579K [0x00000000fac00000, 0x00000000fb56d000, 0x0000000100000000)
   the space 9652K,  68% used [0x00000000fac00000, 0x00000000fb26cf40, 0x00000000fb26d000, 0x00000000fb56d000)
 Metaspace       used 25074K, capacity 25830K, committed 25984K, reserved 1071104K
  class space    used 3238K, capacity 3424K, committed 3456K, reserved 1048576K
Event: 8.198 GC heap after
Heap after GC invocations=61 (full 2):
 def new generation   total 4416K, used 448K [0x00000000f8200000, 0x00000000f86c0000, 0x00000000fac00000)
  eden space 3968K,   0% used [0x00000000f8200000, 0x00000000f8200000, 0x00000000f85e0000)
  from space 448K, 100% used [0x00000000f85e0000, 0x00000000f8650000, 0x00000000f8650000)
  to   space 448K,   0% used [0x00000000f8650000, 0x00000000f8650000, 0x00000000f86c0000)
 tenured generation   total 9652K, used 7041K [0x00000000fac00000, 0x00000000fb56d000, 0x0000000100000000)
   the space 9652K,  72% used [0x00000000fac00000, 0x00000000fb2e04f8, 0x00000000fb2e0600, 0x00000000fb56d000)
 Metaspace       used 25074K, capacity 25830K, committed 25984K, reserved 1071104K
  class space    used 3238K, capacity 3424K, committed 3456K, reserved 1048576K
}
Event: 8.674 GC heap before
{Heap before GC invocations=61 (full 2):
 def new generation   total 4416K, used 4416K [0x00000000f8200000, 0x00000000f86c0000, 0x00000000fac00000)
  eden space 3968K, 100% used [0x00000000f8200000, 0x00000000f85e0000, 0x00000000f85e0000)
  from space 448K, 100% used [0x00000000f85e0000, 0x00000000f8650000, 0x00000000f8650000)
  to   space 448K,   0% used [0x00000000f8650000, 0x00000000f8650000, 0x00000000f86c0000)
 tenured generation   total 9652K, used 7041K [0x00000000fac00000, 0x00000000fb56d000, 0x0000000100000000)
   the space 9652K,  72% used [0x00000000fac00000, 0x00000000fb2e04f8, 0x00000000fb2e0600, 0x00000000fb56d000)
 Metaspace       used 25975K, capacity 26776K, committed 26880K, reserved 1073152K
  class space    used 3360K, capacity 3565K, committed 3584K, reserved 1048576K
Event: 8.684 GC heap after
Heap after GC invocations=62 (full 2):
 def new generation   total 4416K, used 448K [0x00000000f8200000, 0x00000000f86c0000, 0x00000000fac00000)
  eden space 3968K,   0% used [0x00000000f8200000, 0x00000000f8200000, 0x00000000f85e0000)
  from space 448K, 100% used [0x00000000f8650000, 0x00000000f86c0000, 0x00000000f86c0000)
  to   space 448K,   0% used [0x00000000f85e0000, 0x00000000f85e0000, 0x00000000f8650000)
 tenured generation   total 9652K, used 7596K [0x00000000fac00000, 0x00000000fb56d000, 0x0000000100000000)
   the space 9652K,  78% used [0x00000000fac00000, 0x00000000fb36b2a8, 0x00000000fb36b400, 0x00000000fb56d000)
 Metaspace       used 25975K, capacity 26776K, committed 26880K, reserved 1073152K
  class space    used 3360K, capacity 3565K, committed 3584K, reserved 1048576K
}
Event: 9.866 GC heap before
{Heap before GC invocations=62 (full 2):
 def new generation   total 4416K, used 4416K [0x00000000f8200000, 0x00000000f86c0000, 0x00000000fac00000)
  eden space 3968K, 100% used [0x00000000f8200000, 0x00000000f85e0000, 0x00000000f85e0000)
  from space 448K, 100% used [0x00000000f8650000, 0x00000000f86c0000, 0x00000000f86c0000)
  to   space 448K,   0% used [0x00000000f85e0000, 0x00000000f85e0000, 0x00000000f8650000)
 tenured generation   total 9652K, used 7596K [0x00000000fac00000, 0x00000000fb56d000, 0x0000000100000000)
   the space 9652K,  78% used [0x00000000fac00000, 0x00000000fb36b2a8, 0x00000000fb36b400, 0x00000000fb56d000)
 Metaspace       used 26723K, capacity 27504K, committed 27776K, reserved 1073152K
  class space    used 3478K, capacity 3699K, committed 3712K, reserved 1048576K
Event: 9.877 GC heap after
Heap after GC invocations=63 (full 2):
 def new generation   total 4416K, used 447K [0x00000000f8200000, 0x00000000f86c0000, 0x00000000fac00000)
  eden space 3968K,   0% used [0x00000000f8200000, 0x00000000f8200000, 0x00000000f85e0000)
  from space 448K,  99% used [0x00000000f85e0000, 0x00000000f864fff8, 0x00000000f8650000)
  to   space 448K,   0% used [0x00000000f8650000, 0x00000000f8650000, 0x00000000f86c0000)
 tenured generation   total 9652K, used 9032K [0x00000000fac00000, 0x00000000fb56d000, 0x0000000100000000)
   the space 9652K,  93% used [0x00000000fac00000, 0x00000000fb4d2280, 0x00000000fb4d2400, 0x00000000fb56d000)
 Metaspace       used 26723K, capacity 27504K, committed 27776K, reserved 1073152K
  class space    used 3478K, capacity 3699K, committed 3712K, reserved 1048576K
}
Event: 10.423 GC heap before
{Heap before GC invocations=63 (full 2):
 def new generation   total 4416K, used 4415K [0x00000000f8200000, 0x00000000f86c0000, 0x00000000fac00000)
  eden space 3968K, 100% used [0x00000000f8200000, 0x00000000f85e0000, 0x00000000f85e0000)
  from space 448K,  99% used [0x00000000f85e0000, 0x00000000f864fff8, 0x00000000f8650000)
  to   space 448K,   0% used [0x00000000f8650000, 0x00000000f8650000, 0x00000000f86c0000)
 tenured generation   total 9652K, used 9032K [0x00000000fac00000, 0x00000000fb56d000, 0x0000000100000000)
   the space 9652K,  93% used [0x00000000fac00000, 0x00000000fb4d2280, 0x00000000fb4d2400, 0x00000000fb56d000)
 Metaspace       used 27223K, capacity 27984K, committed 28160K, reserved 1073152K
  class space    used 3546K, capacity 3731K, committed 3840K, reserved 1048576K

